#
# There is insufficient memory for the Java Runtime Environment to continue.
# Native memory allocation (mmap) failed to map 30408704 bytes for committing reserved memory.
# Possible reasons:
#   The system is out of physical RAM or swap space
#   The process is running with CompressedOops enabled, and the Java Heap may be blocking the growth of the native heap
# Possible solutions:
#   Reduce memory load on the system
#   Increase physical memory or swap space
#   Check if swap backing store is full
#   Decrease Java heap size (-Xmx/-Xms)
#   Decrease number of Java threads
#   Decrease Java thread stack sizes (-Xss)
#   Set larger code cache with -XX:ReservedCodeCacheSize=
#   JVM is running with Unscaled Compressed Oops mode in which the Java heap is
#     placed in the first 4GB address space. The Java Heap base address is the
#     maximum limit for the native heap growth. Please use -XX:HeapBaseMinAddress
#     to set the Java Heap base and to place the Java Heap above 4GB virtual address.
# This output file may be truncated or incomplete.
#
#  Out of Memory Error (os_linux.cpp:2706), pid=16486, tid=16504
#
# JRE version: OpenJDK Runtime Environment (10.0.1+10) (build 10.0.1+10-Ubuntu-3ubuntu1)
# Java VM: OpenJDK 64-Bit Server VM (10.0.1+10-Ubuntu-3ubuntu1, mixed mode, tiered, compressed oops, g1 gc, linux-amd64)
# Core dump will be written. Default location: Core dumps may be processed with "/usr/share/apport/apport %p %s %c %d %P" (or dumping to /home/mo/eclipse-workspace/-TPE-Simulation-BlockChain/core.16486)
#

---------------  S U M M A R Y ------------

Command Line: -Dfile.encoding=UTF-8 main.Main

Host: Intel(R) Pentium(R) CPU N4200 @ 1.10GHz, 4 cores, 3G, Ubuntu 18.04 LTS
Time: Sat Jun  2 16:00:46 2018 CEST elapsed time: 11074 seconds (0d 3h 4m 34s)

---------------  T H R E A D  ---------------

Current thread (0x00007fa2380fd800):  VMThread "VM Thread" [stack: 0x00007fa2050f5000,0x00007fa2051f5000] [id=16504]

Stack: [0x00007fa2050f5000,0x00007fa2051f5000],  sp=0x00007fa2051f30a0,  free space=1016k
Native frames: (J=compiled Java code, A=aot compiled Java code, j=interpreted, Vv=VM code, C=native code)
V  [libjvm.so+0xd27dc4]
V  [libjvm.so+0xd2896b]
V  [libjvm.so+0x64d415]
V  [libjvm.so+0xb2d6e8]
V  [libjvm.so+0xb25f3d]
V  [libjvm.so+0x7662ff]
V  [libjvm.so+0x76653e]
V  [libjvm.so+0x769500]
V  [libjvm.so+0x7efa1c]
V  [libjvm.so+0x7f06df]
V  [libjvm.so+0x7f0b59]
V  [libjvm.so+0x7162cf]
V  [libjvm.so+0x71a3ba]
V  [libjvm.so+0xd39f28]
V  [libjvm.so+0xd38791]
V  [libjvm.so+0xd35a5b]
V  [libjvm.so+0xd3707e]
V  [libjvm.so+0xd374a8]
V  [libjvm.so+0xb33c60]

VM_Operation (0x00007fa23f4d86d0): G1IncCollectionPause, mode: safepoint, requested by thread 0x00007fa238012000


---------------  P R O C E S S  ---------------

Threads class SMR info:
_java_thread_list=0x00007fa2381aeff0, length=10, elements={
0x00007fa238012000, 0x00007fa238107800, 0x00007fa238109800, 0x00007fa238112800,
0x00007fa23811d000, 0x00007fa23811f000, 0x00007fa238121000, 0x00007fa238123000,
0x00007fa2381a7800, 0x00007fa2381b5800
}

Java Threads: ( => current thread )
  0x00007fa238012000 JavaThread "main" [_thread_blocked, id=16491, stack(0x00007fa23f3d9000,0x00007fa23f4da000)]
  0x00007fa238107800 JavaThread "Reference Handler" daemon [_thread_blocked, id=16505, stack(0x00007fa204ff2000,0x00007fa2050f3000)]
  0x00007fa238109800 JavaThread "Finalizer" daemon [_thread_blocked, id=16506, stack(0x00007fa204ef1000,0x00007fa204ff2000)]
  0x00007fa238112800 JavaThread "Signal Dispatcher" daemon [_thread_blocked, id=16507, stack(0x00007fa204421000,0x00007fa204522000)]
  0x00007fa23811d000 JavaThread "C2 CompilerThread0" daemon [_thread_blocked, id=16508, stack(0x00007fa204320000,0x00007fa204421000)]
  0x00007fa23811f000 JavaThread "C2 CompilerThread1" daemon [_thread_blocked, id=16509, stack(0x00007fa20421f000,0x00007fa204320000)]
  0x00007fa238121000 JavaThread "C1 CompilerThread2" daemon [_thread_blocked, id=16510, stack(0x00007fa20411e000,0x00007fa20421f000)]
  0x00007fa238123000 JavaThread "Sweeper thread" daemon [_thread_blocked, id=16511, stack(0x00007fa20401d000,0x00007fa20411e000)]
  0x00007fa2381a7800 JavaThread "Service Thread" daemon [_thread_blocked, id=16512, stack(0x00007fa1cbeff000,0x00007fa1cc000000)]
  0x00007fa2381b5800 JavaThread "Common-Cleaner" daemon [_thread_blocked, id=16514, stack(0x00007fa1cbcfc000,0x00007fa1cbdfd000)]

Other Threads:
=>0x00007fa2380fd800 VMThread "VM Thread" [stack: 0x00007fa2050f5000,0x00007fa2051f5000] [id=16504]
  0x00007fa2381a9800 WatcherThread [stack: 0x00007fa1cbdff000,0x00007fa1cbeff000] [id=16513]
  0x00007fa238028800 GCTaskThread "GC Thread#0" [stack: 0x00007fa21f017000,0x00007fa21f117000] [id=16493]
  0x00007fa23802a000 GCTaskThread "GC Thread#1" [stack: 0x00007fa21ef15000,0x00007fa21f015000] [id=16494]
  0x00007fa23802b800 GCTaskThread "GC Thread#2" [stack: 0x00007fa21ee13000,0x00007fa21ef13000] [id=16495]
  0x00007fa23802d000 GCTaskThread "GC Thread#3" [stack: 0x00007fa21ed11000,0x00007fa21ee11000] [id=16496]
  0x00007fa238063800 ConcurrentGCThread "G1 Main Marker" [stack: 0x00007fa21c4dd000,0x00007fa21c5dd000] [id=16497]
  0x00007fa238065000 ConcurrentGCThread "G1 Conc#0" [stack: 0x00007fa21c3db000,0x00007fa21c4db000] [id=16498]
  0x00007fa238096800 ConcurrentGCThread "G1 Refine#0" [stack: 0x00007fa205dff000,0x00007fa205eff000] [id=16499]
  0x00007fa238098800 ConcurrentGCThread "G1 Refine#1" [stack: 0x00007fa205cfd000,0x00007fa205dfd000] [id=16500]
  0x00007fa23809a000 ConcurrentGCThread "G1 Refine#2" [stack: 0x00007fa205bfb000,0x00007fa205cfb000] [id=16501]
  0x00007fa23809c000 ConcurrentGCThread "G1 Refine#3" [stack: 0x00007fa205af9000,0x00007fa205bf9000] [id=16502]
  0x00007fa23809d800 ConcurrentGCThread "G1 Young RemSet Sampling" [stack: 0x00007fa2059f7000,0x00007fa205af7000] [id=16503]

Threads with active compile tasks:

VM state:at safepoint (normal execution)

VM Mutex/Monitor currently owned by a thread:  ([mutex/lock_event])
[0x00007fa23800e270] Threads_lock - owner thread: 0x00007fa2380fd800
[0x00007fa23800e810] Heap_lock - owner thread: 0x00007fa238012000

Heap address: 0x00000000c4c00000, size: 948 MB, Compressed Oops mode: 32-bit
Narrow klass base: 0x0000000000000000, Narrow klass shift: 3
Compressed class space size: 1073741824 Address: 0x0000000100000000

Heap:
 garbage-first heap   total 279552K, used 1645K [0x00000000c4c00000, 0x0000000100000000)
  region size 1024K, 0 young (0K), 0 survivors (0K)
 Metaspace       used 7560K, capacity 7714K, committed 7936K, reserved 1056768K
  class space    used 653K, capacity 721K, committed 768K, reserved 1048576K
Heap Regions: E=young(eden), S=young(survivor), O=old, HS=humongous(starts), HC=humongous(continues), CS=collection set, F=free, A=archive, TS=gc time stamp, AC=allocation context, TAMS=top-at-mark-start (previous, next)
|   0|0x00000000c4c00000, 0x00000000c4d00000, 0x00000000c4d00000|100%| O|  |TS 16|AC  0|TAMS 0x00000000c4c00000, 0x00000000c4c00000|
|   1|0x00000000c4d00000, 0x00000000c4d9b600, 0x00000000c4e00000| 60%| O|  |TS60545|AC  0|TAMS 0x00000000c4d00000, 0x00000000c4d00000|
|   2|0x00000000c4e00000, 0x00000000c4e00000, 0x00000000c4f00000|  0%| F|  |TS  0|AC  0|TAMS 0x00000000c4e00000, 0x00000000c4e00000|
|   3|0x00000000c4f00000, 0x00000000c4f00000, 0x00000000c5000000|  0%| F|  |TS  0|AC  0|TAMS 0x00000000c4f00000, 0x00000000c4f00000|
|   4|0x00000000c5000000, 0x00000000c5000000, 0x00000000c5100000|  0%| F|  |TS  0|AC  0|TAMS 0x00000000c5000000, 0x00000000c5000000|
|   5|0x00000000c5100000, 0x00000000c5100000, 0x00000000c5200000|  0%| F|  |TS  0|AC  0|TAMS 0x00000000c5100000, 0x00000000c5100000|
|   6|0x00000000c5200000, 0x00000000c5200000, 0x00000000c5300000|  0%| F|  |TS  0|AC  0|TAMS 0x00000000c5200000, 0x00000000c5200000|
|   7|0x00000000c5300000, 0x00000000c5300000, 0x00000000c5400000|  0%| F|  |TS  0|AC  0|TAMS 0x00000000c5300000, 0x00000000c5300000|
|   8|0x00000000c5400000, 0x00000000c5400000, 0x00000000c5500000|  0%| F|  |TS  0|AC  0|TAMS 0x00000000c5400000, 0x00000000c5400000|
|   9|0x00000000c5500000, 0x00000000c5500000, 0x00000000c5600000|  0%| F|  |TS  0|AC  0|TAMS 0x00000000c5500000, 0x00000000c5500000|
|  10|0x00000000c5600000, 0x00000000c5600000, 0x00000000c5700000|  0%| F|  |TS  0|AC  0|TAMS 0x00000000c5600000, 0x00000000c5600000|
|  11|0x00000000c5700000, 0x00000000c5700000, 0x00000000c5800000|  0%| F|  |TS  0|AC  0|TAMS 0x00000000c5700000, 0x00000000c5700000|
|  12|0x00000000c5800000, 0x00000000c5800000, 0x00000000c5900000|  0%| F|  |TS  0|AC  0|TAMS 0x00000000c5800000, 0x00000000c5800000|
|  13|0x00000000c5900000, 0x00000000c5900000, 0x00000000c5a00000|  0%| F|  |TS  0|AC  0|TAMS 0x00000000c5900000, 0x00000000c5900000|
|  14|0x00000000c5a00000, 0x00000000c5a00000, 0x00000000c5b00000|  0%| F|  |TS  0|AC  0|TAMS 0x00000000c5a00000, 0x00000000c5a00000|
|  15|0x00000000c5b00000, 0x00000000c5b00000, 0x00000000c5c00000|  0%| F|  |TS  0|AC  0|TAMS 0x00000000c5b00000, 0x00000000c5b00000|
|  16|0x00000000c5c00000, 0x00000000c5c00000, 0x00000000c5d00000|  0%| F|  |TS  0|AC  0|TAMS 0x00000000c5c00000, 0x00000000c5c00000|
|  17|0x00000000c5d00000, 0x00000000c5d00000, 0x00000000c5e00000|  0%| F|  |TS  0|AC  0|TAMS 0x00000000c5d00000, 0x00000000c5d00000|
|  18|0x00000000c5e00000, 0x00000000c5e00000, 0x00000000c5f00000|  0%| F|  |TS  0|AC  0|TAMS 0x00000000c5e00000, 0x00000000c5e00000|
|  19|0x00000000c5f00000, 0x00000000c5f00000, 0x00000000c6000000|  0%| F|  |TS  0|AC  0|TAMS 0x00000000c5f00000, 0x00000000c5f00000|
|  20|0x00000000c6000000, 0x00000000c6000000, 0x00000000c6100000|  0%| F|  |TS  0|AC  0|TAMS 0x00000000c6000000, 0x00000000c6000000|
|  21|0x00000000c6100000, 0x00000000c6100000, 0x00000000c6200000|  0%| F|  |TS  3|AC  0|TAMS 0x00000000c6100000, 0x00000000c6100000|
|  22|0x00000000c6200000, 0x00000000c6200000, 0x00000000c6300000|  0%| F|  |TS  5|AC  0|TAMS 0x00000000c6200000, 0x00000000c6200000|
|  23|0x00000000c6300000, 0x00000000c6300000, 0x00000000c6400000|  0%| F|  |TS  5|AC  0|TAMS 0x00000000c6300000, 0x00000000c6300000|
|  24|0x00000000c6400000, 0x00000000c6400000, 0x00000000c6500000|  0%| F|  |TS  6|AC  0|TAMS 0x00000000c6400000, 0x00000000c6400000|
|  25|0x00000000c6500000, 0x00000000c6500000, 0x00000000c6600000|  0%| F|  |TS  6|AC  0|TAMS 0x00000000c6500000, 0x00000000c6500000|
|  26|0x00000000c6600000, 0x00000000c6600000, 0x00000000c6700000|  0%| F|  |TS  9|AC  0|TAMS 0x00000000c6600000, 0x00000000c6600000|
|  27|0x00000000c6700000, 0x00000000c6700000, 0x00000000c6800000|  0%| F|  |TS  8|AC  0|TAMS 0x00000000c6700000, 0x00000000c6700000|
|  28|0x00000000c6800000, 0x00000000c6800000, 0x00000000c6900000|  0%| F|  |TS 10|AC  0|TAMS 0x00000000c6800000, 0x00000000c6800000|
|  29|0x00000000c6900000, 0x00000000c6900000, 0x00000000c6a00000|  0%| F|  |TS  9|AC  0|TAMS 0x00000000c6900000, 0x00000000c6900000|
|  30|0x00000000c6a00000, 0x00000000c6a00000, 0x00000000c6b00000|  0%| F|  |TS  9|AC  0|TAMS 0x00000000c6a00000, 0x00000000c6a00000|
|  31|0x00000000c6b00000, 0x00000000c6b00000, 0x00000000c6c00000|  0%| F|  |TS 10|AC  0|TAMS 0x00000000c6b00000, 0x00000000c6b00000|
|  32|0x00000000c6c00000, 0x00000000c6c00000, 0x00000000c6d00000|  0%| F|  |TS  9|AC  0|TAMS 0x00000000c6c00000, 0x00000000c6c00000|
|  33|0x00000000c6d00000, 0x00000000c6d00000, 0x00000000c6e00000|  0%| F|  |TS 14|AC  0|TAMS 0x00000000c6d00000, 0x00000000c6d00000|
|  34|0x00000000c6e00000, 0x00000000c6e00000, 0x00000000c6f00000|  0%| F|  |TS 14|AC  0|TAMS 0x00000000c6e00000, 0x00000000c6e00000|
|  35|0x00000000c6f00000, 0x00000000c6f00000, 0x00000000c7000000|  0%| F|  |TS 13|AC  0|TAMS 0x00000000c6f00000, 0x00000000c6f00000|
|  36|0x00000000c7000000, 0x00000000c7000000, 0x00000000c7100000|  0%| F|  |TS 13|AC  0|TAMS 0x00000000c7000000, 0x00000000c7000000|
|  37|0x00000000c7100000, 0x00000000c7100000, 0x00000000c7200000|  0%| F|  |TS 13|AC  0|TAMS 0x00000000c7100000, 0x00000000c7100000|
|  38|0x00000000c7200000, 0x00000000c7200000, 0x00000000c7300000|  0%| F|  |TS 13|AC  0|TAMS 0x00000000c7200000, 0x00000000c7200000|
|  39|0x00000000c7300000, 0x00000000c7300000, 0x00000000c7400000|  0%| F|  |TS 13|AC  0|TAMS 0x00000000c7300000, 0x00000000c7300000|
|  40|0x00000000c7400000, 0x00000000c7400000, 0x00000000c7500000|  0%| F|  |TS 16|AC  0|TAMS 0x00000000c7400000, 0x00000000c7400000|
|  41|0x00000000c7500000, 0x00000000c7500000, 0x00000000c7600000|  0%| F|  |TS 16|AC  0|TAMS 0x00000000c7500000, 0x00000000c7500000|
|  42|0x00000000c7600000, 0x00000000c7600000, 0x00000000c7700000|  0%| F|  |TS710|AC  0|TAMS 0x00000000c7600000, 0x00000000c7600000|
|  43|0x00000000c7700000, 0x00000000c7700000, 0x00000000c7800000|  0%| F|  |TS710|AC  0|TAMS 0x00000000c7700000, 0x00000000c7700000|
|  44|0x00000000c7800000, 0x00000000c7800000, 0x00000000c7900000|  0%| F|  |TS710|AC  0|TAMS 0x00000000c7800000, 0x00000000c7800000|
|  45|0x00000000c7900000, 0x00000000c7900000, 0x00000000c7a00000|  0%| F|  |TS710|AC  0|TAMS 0x00000000c7900000, 0x00000000c7900000|
|  46|0x00000000c7a00000, 0x00000000c7a00000, 0x00000000c7b00000|  0%| F|  |TS710|AC  0|TAMS 0x00000000c7a00000, 0x00000000c7a00000|
|  47|0x00000000c7b00000, 0x00000000c7b00000, 0x00000000c7c00000|  0%| F|  |TS710|AC  0|TAMS 0x00000000c7b00000, 0x00000000c7b00000|
|  48|0x00000000c7c00000, 0x00000000c7c00000, 0x00000000c7d00000|  0%| F|  |TS710|AC  0|TAMS 0x00000000c7c00000, 0x00000000c7c00000|
|  49|0x00000000c7d00000, 0x00000000c7d00000, 0x00000000c7e00000|  0%| F|  |TS710|AC  0|TAMS 0x00000000c7d00000, 0x00000000c7d00000|
|  50|0x00000000c7e00000, 0x00000000c7e00000, 0x00000000c7f00000|  0%| F|  |TS710|AC  0|TAMS 0x00000000c7e00000, 0x00000000c7e00000|
|  51|0x00000000c7f00000, 0x00000000c7f00000, 0x00000000c8000000|  0%| F|  |TS1929|AC  0|TAMS 0x00000000c7f00000, 0x00000000c7f00000|
|  52|0x00000000c8000000, 0x00000000c8000000, 0x00000000c8100000|  0%| F|  |TS1929|AC  0|TAMS 0x00000000c8000000, 0x00000000c8000000|
|  53|0x00000000c8100000, 0x00000000c8100000, 0x00000000c8200000|  0%| F|  |TS1929|AC  0|TAMS 0x00000000c8100000, 0x00000000c8100000|
|  54|0x00000000c8200000, 0x00000000c8200000, 0x00000000c8300000|  0%| F|  |TS1929|AC  0|TAMS 0x00000000c8200000, 0x00000000c8200000|
|  55|0x00000000c8300000, 0x00000000c8300000, 0x00000000c8400000|  0%| F|  |TS1929|AC  0|TAMS 0x00000000c8300000, 0x00000000c8300000|
|  56|0x00000000c8400000, 0x00000000c8400000, 0x00000000c8500000|  0%| F|  |TS1929|AC  0|TAMS 0x00000000c8400000, 0x00000000c8400000|
|  57|0x00000000c8500000, 0x00000000c8500000, 0x00000000c8600000|  0%| F|  |TS1929|AC  0|TAMS 0x00000000c8500000, 0x00000000c8500000|
|  58|0x00000000c8600000, 0x00000000c8600000, 0x00000000c8700000|  0%| F|  |TS1929|AC  0|TAMS 0x00000000c8600000, 0x00000000c8600000|
|  59|0x00000000c8700000, 0x00000000c8700000, 0x00000000c8800000|  0%| F|  |TS1929|AC  0|TAMS 0x00000000c8700000, 0x00000000c8700000|
|  60|0x00000000c8800000, 0x00000000c8800000, 0x00000000c8900000|  0%| F|  |TS1929|AC  0|TAMS 0x00000000c8800000, 0x00000000c8800000|
|  61|0x00000000c8900000, 0x00000000c8900000, 0x00000000c8a00000|  0%| F|  |TS7348|AC  0|TAMS 0x00000000c8900000, 0x00000000c8900000|
|  62|0x00000000c8a00000, 0x00000000c8a00000, 0x00000000c8b00000|  0%| F|  |TS7348|AC  0|TAMS 0x00000000c8a00000, 0x00000000c8a00000|
|  63|0x00000000c8b00000, 0x00000000c8b00000, 0x00000000c8c00000|  0%| F|  |TS7348|AC  0|TAMS 0x00000000c8b00000, 0x00000000c8b00000|
|  64|0x00000000c8c00000, 0x00000000c8c00000, 0x00000000c8d00000|  0%| F|  |TS7348|AC  0|TAMS 0x00000000c8c00000, 0x00000000c8c00000|
|  65|0x00000000c8d00000, 0x00000000c8d00000, 0x00000000c8e00000|  0%| F|  |TS7348|AC  0|TAMS 0x00000000c8d00000, 0x00000000c8d00000|
|  66|0x00000000c8e00000, 0x00000000c8e00000, 0x00000000c8f00000|  0%| F|  |TS7348|AC  0|TAMS 0x00000000c8e00000, 0x00000000c8e00000|
|  67|0x00000000c8f00000, 0x00000000c8f00000, 0x00000000c9000000|  0%| F|  |TS7348|AC  0|TAMS 0x00000000c8f00000, 0x00000000c8f00000|
|  68|0x00000000c9000000, 0x00000000c9000000, 0x00000000c9100000|  0%| F|  |TS7348|AC  0|TAMS 0x00000000c9000000, 0x00000000c9000000|
|  69|0x00000000c9100000, 0x00000000c9100000, 0x00000000c9200000|  0%| F|  |TS7348|AC  0|TAMS 0x00000000c9100000, 0x00000000c9100000|
|  70|0x00000000c9200000, 0x00000000c9200000, 0x00000000c9300000|  0%| F|  |TS7348|AC  0|TAMS 0x00000000c9200000, 0x00000000c9200000|
|  71|0x00000000c9300000, 0x00000000c9300000, 0x00000000c9400000|  0%| F|  |TS7348|AC  0|TAMS 0x00000000c9300000, 0x00000000c9300000|
|  72|0x00000000c9400000, 0x00000000c9400000, 0x00000000c9500000|  0%| F|  |TS7348|AC  0|TAMS 0x00000000c9400000, 0x00000000c9400000|
|  73|0x00000000c9500000, 0x00000000c9500000, 0x00000000c9600000|  0%| F|  |TS7348|AC  0|TAMS 0x00000000c9500000, 0x00000000c9500000|
|  74|0x00000000c9600000, 0x00000000c9600000, 0x00000000c9700000|  0%| F|  |TS19259|AC  0|TAMS 0x00000000c9600000, 0x00000000c9600000|
|  75|0x00000000c9700000, 0x00000000c9700000, 0x00000000c9800000|  0%| F|  |TS19259|AC  0|TAMS 0x00000000c9700000, 0x00000000c9700000|
|  76|0x00000000c9800000, 0x00000000c9800000, 0x00000000c9900000|  0%| F|  |TS19259|AC  0|TAMS 0x00000000c9800000, 0x00000000c9800000|
|  77|0x00000000c9900000, 0x00000000c9900000, 0x00000000c9a00000|  0%| F|  |TS19259|AC  0|TAMS 0x00000000c9900000, 0x00000000c9900000|
|  78|0x00000000c9a00000, 0x00000000c9a00000, 0x00000000c9b00000|  0%| F|  |TS19259|AC  0|TAMS 0x00000000c9a00000, 0x00000000c9a00000|
|  79|0x00000000c9b00000, 0x00000000c9b00000, 0x00000000c9c00000|  0%| F|  |TS19259|AC  0|TAMS 0x00000000c9b00000, 0x00000000c9b00000|
|  80|0x00000000c9c00000, 0x00000000c9c00000, 0x00000000c9d00000|  0%| F|  |TS19259|AC  0|TAMS 0x00000000c9c00000, 0x00000000c9c00000|
|  81|0x00000000c9d00000, 0x00000000c9d00000, 0x00000000c9e00000|  0%| F|  |TS19259|AC  0|TAMS 0x00000000c9d00000, 0x00000000c9d00000|
|  82|0x00000000c9e00000, 0x00000000c9e00000, 0x00000000c9f00000|  0%| F|  |TS19259|AC  0|TAMS 0x00000000c9e00000, 0x00000000c9e00000|
|  83|0x00000000c9f00000, 0x00000000c9f00000, 0x00000000ca000000|  0%| F|  |TS19259|AC  0|TAMS 0x00000000c9f00000, 0x00000000c9f00000|
|  84|0x00000000ca000000, 0x00000000ca000000, 0x00000000ca100000|  0%| F|  |TS19259|AC  0|TAMS 0x00000000ca000000, 0x00000000ca000000|
|  85|0x00000000ca100000, 0x00000000ca100000, 0x00000000ca200000|  0%| F|  |TS19259|AC  0|TAMS 0x00000000ca100000, 0x00000000ca100000|
|  86|0x00000000ca200000, 0x00000000ca200000, 0x00000000ca300000|  0%| F|  |TS19259|AC  0|TAMS 0x00000000ca200000, 0x00000000ca200000|
|  87|0x00000000ca300000, 0x00000000ca300000, 0x00000000ca400000|  0%| F|  |TS19259|AC  0|TAMS 0x00000000ca300000, 0x00000000ca300000|
|  88|0x00000000ca400000, 0x00000000ca400000, 0x00000000ca500000|  0%| F|  |TS19259|AC  0|TAMS 0x00000000ca400000, 0x00000000ca400000|
|  89|0x00000000ca500000, 0x00000000ca500000, 0x00000000ca600000|  0%| F|  |TS19259|AC  0|TAMS 0x00000000ca500000, 0x00000000ca500000|
|  90|0x00000000ca600000, 0x00000000ca600000, 0x00000000ca700000|  0%| F|  |TS19259|AC  0|TAMS 0x00000000ca600000, 0x00000000ca600000|
|  91|0x00000000ca700000, 0x00000000ca700000, 0x00000000ca800000|  0%| F|  |TS19259|AC  0|TAMS 0x00000000ca700000, 0x00000000ca700000|
|  92|0x00000000ca800000, 0x00000000ca800000, 0x00000000ca900000|  0%| F|  |TS19259|AC  0|TAMS 0x00000000ca800000, 0x00000000ca800000|
|  93|0x00000000ca900000, 0x00000000ca900000, 0x00000000caa00000|  0%| F|  |TS19259|AC  0|TAMS 0x00000000ca900000, 0x00000000ca900000|
|  94|0x00000000caa00000, 0x00000000caa00000, 0x00000000cab00000|  0%| F|  |TS19259|AC  0|TAMS 0x00000000caa00000, 0x00000000caa00000|
|  95|0x00000000cab00000, 0x00000000cab00000, 0x00000000cac00000|  0%| F|  |TS19259|AC  0|TAMS 0x00000000cab00000, 0x00000000cab00000|
|  96|0x00000000cac00000, 0x00000000cac00000, 0x00000000cad00000|  0%| F|  |TS19259|AC  0|TAMS 0x00000000cac00000, 0x00000000cac00000|
|  97|0x00000000cad00000, 0x00000000cad00000, 0x00000000cae00000|  0%| F|  |TS19259|AC  0|TAMS 0x00000000cad00000, 0x00000000cad00000|
|  98|0x00000000cae00000, 0x00000000cae00000, 0x00000000caf00000|  0%| F|  |TS60545|AC  0|TAMS 0x00000000cae00000, 0x00000000cae00000|
|  99|0x00000000caf00000, 0x00000000caf00000, 0x00000000cb000000|  0%| F|  |TS60545|AC  0|TAMS 0x00000000caf00000, 0x00000000caf00000|
| 100|0x00000000cb000000, 0x00000000cb000000, 0x00000000cb100000|  0%| F|  |TS60545|AC  0|TAMS 0x00000000cb000000, 0x00000000cb000000|
| 101|0x00000000cb100000, 0x00000000cb100000, 0x00000000cb200000|  0%| F|  |TS60545|AC  0|TAMS 0x00000000cb100000, 0x00000000cb100000|
| 102|0x00000000cb200000, 0x00000000cb200000, 0x00000000cb300000|  0%| F|  |TS60545|AC  0|TAMS 0x00000000cb200000, 0x00000000cb200000|
| 103|0x00000000cb300000, 0x00000000cb300000, 0x00000000cb400000|  0%| F|  |TS60545|AC  0|TAMS 0x00000000cb300000, 0x00000000cb300000|
| 104|0x00000000cb400000, 0x00000000cb400000, 0x00000000cb500000|  0%| F|  |TS60545|AC  0|TAMS 0x00000000cb400000, 0x00000000cb400000|
| 105|0x00000000cb500000, 0x00000000cb500000, 0x00000000cb600000|  0%| F|  |TS60545|AC  0|TAMS 0x00000000cb500000, 0x00000000cb500000|
| 106|0x00000000cb600000, 0x00000000cb600000, 0x00000000cb700000|  0%| F|  |TS60545|AC  0|TAMS 0x00000000cb600000, 0x00000000cb600000|
| 107|0x00000000cb700000, 0x00000000cb700000, 0x00000000cb800000|  0%| F|  |TS60545|AC  0|TAMS 0x00000000cb700000, 0x00000000cb700000|
| 108|0x00000000cb800000, 0x00000000cb800000, 0x00000000cb900000|  0%| F|  |TS60545|AC  0|TAMS 0x00000000cb800000, 0x00000000cb800000|
| 109|0x00000000cb900000, 0x00000000cb900000, 0x00000000cba00000|  0%| F|  |TS60545|AC  0|TAMS 0x00000000cb900000, 0x00000000cb900000|
| 110|0x00000000cba00000, 0x00000000cba00000, 0x00000000cbb00000|  0%| F|  |TS60545|AC  0|TAMS 0x00000000cba00000, 0x00000000cba00000|
| 111|0x00000000cbb00000, 0x00000000cbb00000, 0x00000000cbc00000|  0%| F|  |TS60545|AC  0|TAMS 0x00000000cbb00000, 0x00000000cbb00000|
| 112|0x00000000cbc00000, 0x00000000cbc00000, 0x00000000cbd00000|  0%| F|  |TS60545|AC  0|TAMS 0x00000000cbc00000, 0x00000000cbc00000|
| 113|0x00000000cbd00000, 0x00000000cbd00000, 0x00000000cbe00000|  0%| F|  |TS60545|AC  0|TAMS 0x00000000cbd00000, 0x00000000cbd00000|
| 114|0x00000000cbe00000, 0x00000000cbe00000, 0x00000000cbf00000|  0%| F|  |TS60545|AC  0|TAMS 0x00000000cbe00000, 0x00000000cbe00000|
| 115|0x00000000cbf00000, 0x00000000cbf00000, 0x00000000cc000000|  0%| F|  |TS60545|AC  0|TAMS 0x00000000cbf00000, 0x00000000cbf00000|
| 116|0x00000000cc000000, 0x00000000cc000000, 0x00000000cc100000|  0%| F|  |TS60545|AC  0|TAMS 0x00000000cc000000, 0x00000000cc000000|
| 117|0x00000000cc100000, 0x00000000cc100000, 0x00000000cc200000|  0%| F|  |TS60545|AC  0|TAMS 0x00000000cc100000, 0x00000000cc100000|
| 118|0x00000000cc200000, 0x00000000cc200000, 0x00000000cc300000|  0%| F|  |TS60545|AC  0|TAMS 0x00000000cc200000, 0x00000000cc200000|
| 119|0x00000000cc300000, 0x00000000cc300000, 0x00000000cc400000|  0%| F|  |TS60545|AC  0|TAMS 0x00000000cc300000, 0x00000000cc300000|
| 120|0x00000000cc400000, 0x00000000cc400000, 0x00000000cc500000|  0%| F|  |TS60545|AC  0|TAMS 0x00000000cc400000, 0x00000000cc400000|
| 121|0x00000000cc500000, 0x00000000cc500000, 0x00000000cc600000|  0%| F|  |TS60545|AC  0|TAMS 0x00000000cc500000, 0x00000000cc500000|
| 122|0x00000000cc600000, 0x00000000cc600000, 0x00000000cc700000|  0%| F|  |TS60545|AC  0|TAMS 0x00000000cc600000, 0x00000000cc600000|
| 123|0x00000000cc700000, 0x00000000cc700000, 0x00000000cc800000|  0%| F|  |TS60545|AC  0|TAMS 0x00000000cc700000, 0x00000000cc700000|
| 124|0x00000000cc800000, 0x00000000cc800000, 0x00000000cc900000|  0%| F|  |TS60545|AC  0|TAMS 0x00000000cc800000, 0x00000000cc800000|
| 125|0x00000000cc900000, 0x00000000cc900000, 0x00000000cca00000|  0%| F|  |TS60545|AC  0|TAMS 0x00000000cc900000, 0x00000000cc900000|
| 126|0x00000000cca00000, 0x00000000cca00000, 0x00000000ccb00000|  0%| F|  |TS60545|AC  0|TAMS 0x00000000cca00000, 0x00000000cca00000|
| 127|0x00000000ccb00000, 0x00000000ccb00000, 0x00000000ccc00000|  0%| F|  |TS60545|AC  0|TAMS 0x00000000ccb00000, 0x00000000ccb00000|
| 128|0x00000000ccc00000, 0x00000000ccc00000, 0x00000000ccd00000|  0%| F|  |TS60545|AC  0|TAMS 0x00000000ccc00000, 0x00000000ccc00000|
| 129|0x00000000ccd00000, 0x00000000ccd00000, 0x00000000cce00000|  0%| F|  |TS60545|AC  0|TAMS 0x00000000ccd00000, 0x00000000ccd00000|
| 130|0x00000000cce00000, 0x00000000cce00000, 0x00000000ccf00000|  0%| F|  |TS60545|AC  0|TAMS 0x00000000cce00000, 0x00000000cce00000|
| 131|0x00000000ccf00000, 0x00000000ccf00000, 0x00000000cd000000|  0%| F|  |TS60545|AC  0|TAMS 0x00000000ccf00000, 0x00000000ccf00000|
| 132|0x00000000cd000000, 0x00000000cd000000, 0x00000000cd100000|  0%| F|  |TS60545|AC  0|TAMS 0x00000000cd000000, 0x00000000cd000000|
| 133|0x00000000cd100000, 0x00000000cd100000, 0x00000000cd200000|  0%| F|  |TS60545|AC  0|TAMS 0x00000000cd100000, 0x00000000cd100000|
| 134|0x00000000cd200000, 0x00000000cd200000, 0x00000000cd300000|  0%| F|  |TS60545|AC  0|TAMS 0x00000000cd200000, 0x00000000cd200000|
| 135|0x00000000cd300000, 0x00000000cd300000, 0x00000000cd400000|  0%| F|  |TS60545|AC  0|TAMS 0x00000000cd300000, 0x00000000cd300000|
| 136|0x00000000cd400000, 0x00000000cd400000, 0x00000000cd500000|  0%| F|  |TS60545|AC  0|TAMS 0x00000000cd400000, 0x00000000cd400000|
| 137|0x00000000cd500000, 0x00000000cd500000, 0x00000000cd600000|  0%| F|  |TS60545|AC  0|TAMS 0x00000000cd500000, 0x00000000cd500000|
| 138|0x00000000cd600000, 0x00000000cd600000, 0x00000000cd700000|  0%| F|  |TS60545|AC  0|TAMS 0x00000000cd600000, 0x00000000cd600000|
| 139|0x00000000cd700000, 0x00000000cd700000, 0x00000000cd800000|  0%| F|  |TS60545|AC  0|TAMS 0x00000000cd700000, 0x00000000cd700000|
| 140|0x00000000cd800000, 0x00000000cd800000, 0x00000000cd900000|  0%| F|  |TS60545|AC  0|TAMS 0x00000000cd800000, 0x00000000cd800000|
| 141|0x00000000cd900000, 0x00000000cd900000, 0x00000000cda00000|  0%| F|  |TS60545|AC  0|TAMS 0x00000000cd900000, 0x00000000cd900000|
| 142|0x00000000cda00000, 0x00000000cda00000, 0x00000000cdb00000|  0%| F|  |TS60545|AC  0|TAMS 0x00000000cda00000, 0x00000000cda00000|
| 143|0x00000000cdb00000, 0x00000000cdb00000, 0x00000000cdc00000|  0%| F|  |TS60545|AC  0|TAMS 0x00000000cdb00000, 0x00000000cdb00000|
| 144|0x00000000cdc00000, 0x00000000cdc00000, 0x00000000cdd00000|  0%| F|  |TS60545|AC  0|TAMS 0x00000000cdc00000, 0x00000000cdc00000|
| 145|0x00000000cdd00000, 0x00000000cdd00000, 0x00000000cde00000|  0%| F|  |TS60545|AC  0|TAMS 0x00000000cdd00000, 0x00000000cdd00000|
| 146|0x00000000cde00000, 0x00000000cde00000, 0x00000000cdf00000|  0%| F|  |TS60545|AC  0|TAMS 0x00000000cde00000, 0x00000000cde00000|
| 147|0x00000000cdf00000, 0x00000000cdf00000, 0x00000000ce000000|  0%| F|  |TS60545|AC  0|TAMS 0x00000000cdf00000, 0x00000000cdf00000|
| 148|0x00000000ce000000, 0x00000000ce000000, 0x00000000ce100000|  0%| F|  |TS60545|AC  0|TAMS 0x00000000ce000000, 0x00000000ce000000|
| 149|0x00000000ce100000, 0x00000000ce100000, 0x00000000ce200000|  0%| F|  |TS60545|AC  0|TAMS 0x00000000ce100000, 0x00000000ce100000|
| 150|0x00000000ce200000, 0x00000000ce200000, 0x00000000ce300000|  0%| F|  |TS60545|AC  0|TAMS 0x00000000ce200000, 0x00000000ce200000|
| 151|0x00000000ce300000, 0x00000000ce300000, 0x00000000ce400000|  0%| F|  |TS60545|AC  0|TAMS 0x00000000ce300000, 0x00000000ce300000|
| 152|0x00000000ce400000, 0x00000000ce400000, 0x00000000ce500000|  0%| F|  |TS60545|AC  0|TAMS 0x00000000ce400000, 0x00000000ce400000|
| 153|0x00000000ce500000, 0x00000000ce500000, 0x00000000ce600000|  0%| F|  |TS60545|AC  0|TAMS 0x00000000ce500000, 0x00000000ce500000|
| 154|0x00000000ce600000, 0x00000000ce600000, 0x00000000ce700000|  0%| F|  |TS60545|AC  0|TAMS 0x00000000ce600000, 0x00000000ce600000|
| 155|0x00000000ce700000, 0x00000000ce700000, 0x00000000ce800000|  0%| F|  |TS60545|AC  0|TAMS 0x00000000ce700000, 0x00000000ce700000|
| 156|0x00000000ce800000, 0x00000000ce800000, 0x00000000ce900000|  0%| F|  |TS60545|AC  0|TAMS 0x00000000ce800000, 0x00000000ce800000|
| 157|0x00000000ce900000, 0x00000000ce900000, 0x00000000cea00000|  0%| F|  |TS60545|AC  0|TAMS 0x00000000ce900000, 0x00000000ce900000|
| 158|0x00000000cea00000, 0x00000000cea00000, 0x00000000ceb00000|  0%| F|  |TS60545|AC  0|TAMS 0x00000000cea00000, 0x00000000cea00000|
| 159|0x00000000ceb00000, 0x00000000ceb00000, 0x00000000cec00000|  0%| F|  |TS60545|AC  0|TAMS 0x00000000ceb00000, 0x00000000ceb00000|
| 160|0x00000000cec00000, 0x00000000cec00000, 0x00000000ced00000|  0%| F|  |TS60545|AC  0|TAMS 0x00000000cec00000, 0x00000000cec00000|
| 161|0x00000000ced00000, 0x00000000ced00000, 0x00000000cee00000|  0%| F|  |TS60545|AC  0|TAMS 0x00000000ced00000, 0x00000000ced00000|
| 162|0x00000000cee00000, 0x00000000cee00000, 0x00000000cef00000|  0%| F|  |TS60545|AC  0|TAMS 0x00000000cee00000, 0x00000000cee00000|
| 163|0x00000000cef00000, 0x00000000cef00000, 0x00000000cf000000|  0%| F|  |TS60545|AC  0|TAMS 0x00000000cef00000, 0x00000000cef00000|
| 164|0x00000000cf000000, 0x00000000cf000000, 0x00000000cf100000|  0%| F|  |TS60545|AC  0|TAMS 0x00000000cf000000, 0x00000000cf000000|
| 165|0x00000000cf100000, 0x00000000cf100000, 0x00000000cf200000|  0%| F|  |TS60545|AC  0|TAMS 0x00000000cf100000, 0x00000000cf100000|
| 166|0x00000000cf200000, 0x00000000cf200000, 0x00000000cf300000|  0%| F|  |TS60545|AC  0|TAMS 0x00000000cf200000, 0x00000000cf200000|
| 167|0x00000000cf300000, 0x00000000cf300000, 0x00000000cf400000|  0%| F|  |TS60545|AC  0|TAMS 0x00000000cf300000, 0x00000000cf300000|
| 168|0x00000000cf400000, 0x00000000cf400000, 0x00000000cf500000|  0%| F|  |TS60545|AC  0|TAMS 0x00000000cf400000, 0x00000000cf400000|
| 169|0x00000000cf500000, 0x00000000cf500000, 0x00000000cf600000|  0%| F|  |TS60545|AC  0|TAMS 0x00000000cf500000, 0x00000000cf500000|
| 170|0x00000000cf600000, 0x00000000cf600000, 0x00000000cf700000|  0%| F|  |TS60545|AC  0|TAMS 0x00000000cf600000, 0x00000000cf600000|
| 171|0x00000000cf700000, 0x00000000cf700000, 0x00000000cf800000|  0%| F|  |TS60545|AC  0|TAMS 0x00000000cf700000, 0x00000000cf700000|
| 172|0x00000000cf800000, 0x00000000cf800000, 0x00000000cf900000|  0%| F|  |TS60545|AC  0|TAMS 0x00000000cf800000, 0x00000000cf800000|
| 173|0x00000000cf900000, 0x00000000cf900000, 0x00000000cfa00000|  0%| F|  |TS60545|AC  0|TAMS 0x00000000cf900000, 0x00000000cf900000|
| 174|0x00000000cfa00000, 0x00000000cfa00000, 0x00000000cfb00000|  0%| F|  |TS60545|AC  0|TAMS 0x00000000cfa00000, 0x00000000cfa00000|
| 175|0x00000000cfb00000, 0x00000000cfb00000, 0x00000000cfc00000|  0%| F|  |TS60545|AC  0|TAMS 0x00000000cfb00000, 0x00000000cfb00000|
| 176|0x00000000cfc00000, 0x00000000cfc00000, 0x00000000cfd00000|  0%| F|  |TS60545|AC  0|TAMS 0x00000000cfc00000, 0x00000000cfc00000|
| 177|0x00000000cfd00000, 0x00000000cfd00000, 0x00000000cfe00000|  0%| F|  |TS60545|AC  0|TAMS 0x00000000cfd00000, 0x00000000cfd00000|
| 178|0x00000000cfe00000, 0x00000000cfe00000, 0x00000000cff00000|  0%| F|  |TS60545|AC  0|TAMS 0x00000000cfe00000, 0x00000000cfe00000|
| 179|0x00000000cff00000, 0x00000000cff00000, 0x00000000d0000000|  0%| F|  |TS60545|AC  0|TAMS 0x00000000cff00000, 0x00000000cff00000|
| 180|0x00000000d0000000, 0x00000000d0000000, 0x00000000d0100000|  0%| F|  |TS60545|AC  0|TAMS 0x00000000d0000000, 0x00000000d0000000|
| 181|0x00000000d0100000, 0x00000000d0100000, 0x00000000d0200000|  0%| F|  |TS60545|AC  0|TAMS 0x00000000d0100000, 0x00000000d0100000|
| 182|0x00000000d0200000, 0x00000000d0200000, 0x00000000d0300000|  0%| F|  |TS60545|AC  0|TAMS 0x00000000d0200000, 0x00000000d0200000|
| 183|0x00000000d0300000, 0x00000000d0300000, 0x00000000d0400000|  0%| F|  |TS60545|AC  0|TAMS 0x00000000d0300000, 0x00000000d0300000|
| 184|0x00000000d0400000, 0x00000000d0400000, 0x00000000d0500000|  0%| F|  |TS60545|AC  0|TAMS 0x00000000d0400000, 0x00000000d0400000|
| 185|0x00000000d0500000, 0x00000000d0500000, 0x00000000d0600000|  0%| F|  |TS60545|AC  0|TAMS 0x00000000d0500000, 0x00000000d0500000|
| 186|0x00000000d0600000, 0x00000000d0600000, 0x00000000d0700000|  0%| F|  |TS60545|AC  0|TAMS 0x00000000d0600000, 0x00000000d0600000|
| 187|0x00000000d0700000, 0x00000000d0700000, 0x00000000d0800000|  0%| F|  |TS60545|AC  0|TAMS 0x00000000d0700000, 0x00000000d0700000|
| 188|0x00000000d0800000, 0x00000000d0800000, 0x00000000d0900000|  0%| F|  |TS60545|AC  0|TAMS 0x00000000d0800000, 0x00000000d0800000|
| 189|0x00000000d0900000, 0x00000000d0900000, 0x00000000d0a00000|  0%| F|  |TS60545|AC  0|TAMS 0x00000000d0900000, 0x00000000d0900000|
| 190|0x00000000d0a00000, 0x00000000d0a00000, 0x00000000d0b00000|  0%| F|  |TS60545|AC  0|TAMS 0x00000000d0a00000, 0x00000000d0a00000|
| 191|0x00000000d0b00000, 0x00000000d0b00000, 0x00000000d0c00000|  0%| F|  |TS60545|AC  0|TAMS 0x00000000d0b00000, 0x00000000d0b00000|
| 192|0x00000000d0c00000, 0x00000000d0c00000, 0x00000000d0d00000|  0%| F|  |TS60545|AC  0|TAMS 0x00000000d0c00000, 0x00000000d0c00000|
| 193|0x00000000d0d00000, 0x00000000d0d00000, 0x00000000d0e00000|  0%| F|  |TS60545|AC  0|TAMS 0x00000000d0d00000, 0x00000000d0d00000|
| 194|0x00000000d0e00000, 0x00000000d0e00000, 0x00000000d0f00000|  0%| F|  |TS60545|AC  0|TAMS 0x00000000d0e00000, 0x00000000d0e00000|
| 195|0x00000000d0f00000, 0x00000000d0f00000, 0x00000000d1000000|  0%| F|  |TS60545|AC  0|TAMS 0x00000000d0f00000, 0x00000000d0f00000|
| 196|0x00000000d1000000, 0x00000000d1000000, 0x00000000d1100000|  0%| F|  |TS60545|AC  0|TAMS 0x00000000d1000000, 0x00000000d1000000|
| 197|0x00000000d1100000, 0x00000000d1100000, 0x00000000d1200000|  0%| F|  |TS60545|AC  0|TAMS 0x00000000d1100000, 0x00000000d1100000|
| 198|0x00000000d1200000, 0x00000000d1200000, 0x00000000d1300000|  0%| F|  |TS60545|AC  0|TAMS 0x00000000d1200000, 0x00000000d1200000|
| 199|0x00000000d1300000, 0x00000000d1300000, 0x00000000d1400000|  0%| F|  |TS60545|AC  0|TAMS 0x00000000d1300000, 0x00000000d1300000|
| 200|0x00000000d1400000, 0x00000000d1400000, 0x00000000d1500000|  0%| F|  |TS60545|AC  0|TAMS 0x00000000d1400000, 0x00000000d1400000|
| 201|0x00000000d1500000, 0x00000000d1500000, 0x00000000d1600000|  0%| F|  |TS60545|AC  0|TAMS 0x00000000d1500000, 0x00000000d1500000|
| 202|0x00000000d1600000, 0x00000000d1600000, 0x00000000d1700000|  0%| F|  |TS60545|AC  0|TAMS 0x00000000d1600000, 0x00000000d1600000|
| 203|0x00000000d1700000, 0x00000000d1700000, 0x00000000d1800000|  0%| F|  |TS60545|AC  0|TAMS 0x00000000d1700000, 0x00000000d1700000|
| 204|0x00000000d1800000, 0x00000000d1800000, 0x00000000d1900000|  0%| F|  |TS60545|AC  0|TAMS 0x00000000d1800000, 0x00000000d1800000|
| 205|0x00000000d1900000, 0x00000000d1900000, 0x00000000d1a00000|  0%| F|  |TS60545|AC  0|TAMS 0x00000000d1900000, 0x00000000d1900000|
| 206|0x00000000d1a00000, 0x00000000d1a00000, 0x00000000d1b00000|  0%| F|  |TS60545|AC  0|TAMS 0x00000000d1a00000, 0x00000000d1a00000|
| 207|0x00000000d1b00000, 0x00000000d1b00000, 0x00000000d1c00000|  0%| F|  |TS60545|AC  0|TAMS 0x00000000d1b00000, 0x00000000d1b00000|
| 208|0x00000000d1c00000, 0x00000000d1c00000, 0x00000000d1d00000|  0%| F|  |TS60545|AC  0|TAMS 0x00000000d1c00000, 0x00000000d1c00000|
| 209|0x00000000d1d00000, 0x00000000d1d00000, 0x00000000d1e00000|  0%| F|  |TS60545|AC  0|TAMS 0x00000000d1d00000, 0x00000000d1d00000|
| 210|0x00000000d1e00000, 0x00000000d1e00000, 0x00000000d1f00000|  0%| F|  |TS60545|AC  0|TAMS 0x00000000d1e00000, 0x00000000d1e00000|
| 211|0x00000000d1f00000, 0x00000000d1f00000, 0x00000000d2000000|  0%| F|  |TS60545|AC  0|TAMS 0x00000000d1f00000, 0x00000000d1f00000|
| 212|0x00000000d2000000, 0x00000000d2000000, 0x00000000d2100000|  0%| F|  |TS60545|AC  0|TAMS 0x00000000d2000000, 0x00000000d2000000|
| 213|0x00000000d2100000, 0x00000000d2100000, 0x00000000d2200000|  0%| F|  |TS60545|AC  0|TAMS 0x00000000d2100000, 0x00000000d2100000|
| 214|0x00000000d2200000, 0x00000000d2200000, 0x00000000d2300000|  0%| F|  |TS60545|AC  0|TAMS 0x00000000d2200000, 0x00000000d2200000|
| 215|0x00000000d2300000, 0x00000000d2300000, 0x00000000d2400000|  0%| F|  |TS60545|AC  0|TAMS 0x00000000d2300000, 0x00000000d2300000|
| 216|0x00000000d2400000, 0x00000000d2400000, 0x00000000d2500000|  0%| F|  |TS60545|AC  0|TAMS 0x00000000d2400000, 0x00000000d2400000|
| 217|0x00000000d2500000, 0x00000000d2500000, 0x00000000d2600000|  0%| F|  |TS60545|AC  0|TAMS 0x00000000d2500000, 0x00000000d2500000|
| 218|0x00000000d2600000, 0x00000000d2600000, 0x00000000d2700000|  0%| F|  |TS60545|AC  0|TAMS 0x00000000d2600000, 0x00000000d2600000|
| 219|0x00000000d2700000, 0x00000000d2700000, 0x00000000d2800000|  0%| F|  |TS60545|AC  0|TAMS 0x00000000d2700000, 0x00000000d2700000|
| 220|0x00000000d2800000, 0x00000000d2800000, 0x00000000d2900000|  0%| F|  |TS60545|AC  0|TAMS 0x00000000d2800000, 0x00000000d2800000|
| 221|0x00000000d2900000, 0x00000000d2900000, 0x00000000d2a00000|  0%| F|  |TS60545|AC  0|TAMS 0x00000000d2900000, 0x00000000d2900000|
| 222|0x00000000d2a00000, 0x00000000d2a00000, 0x00000000d2b00000|  0%| F|  |TS60545|AC  0|TAMS 0x00000000d2a00000, 0x00000000d2a00000|
| 223|0x00000000d2b00000, 0x00000000d2b00000, 0x00000000d2c00000|  0%| F|  |TS60545|AC  0|TAMS 0x00000000d2b00000, 0x00000000d2b00000|
| 224|0x00000000d2c00000, 0x00000000d2c00000, 0x00000000d2d00000|  0%| F|  |TS60545|AC  0|TAMS 0x00000000d2c00000, 0x00000000d2c00000|
| 225|0x00000000d2d00000, 0x00000000d2d00000, 0x00000000d2e00000|  0%| F|  |TS60545|AC  0|TAMS 0x00000000d2d00000, 0x00000000d2d00000|
| 226|0x00000000d2e00000, 0x00000000d2e00000, 0x00000000d2f00000|  0%| F|  |TS60545|AC  0|TAMS 0x00000000d2e00000, 0x00000000d2e00000|
| 227|0x00000000d2f00000, 0x00000000d2f00000, 0x00000000d3000000|  0%| F|  |TS60545|AC  0|TAMS 0x00000000d2f00000, 0x00000000d2f00000|
| 228|0x00000000d3000000, 0x00000000d3000000, 0x00000000d3100000|  0%| F|  |TS60545|AC  0|TAMS 0x00000000d3000000, 0x00000000d3000000|
| 229|0x00000000d3100000, 0x00000000d3100000, 0x00000000d3200000|  0%| F|  |TS60545|AC  0|TAMS 0x00000000d3100000, 0x00000000d3100000|
| 230|0x00000000d3200000, 0x00000000d3200000, 0x00000000d3300000|  0%| F|  |TS60545|AC  0|TAMS 0x00000000d3200000, 0x00000000d3200000|
| 231|0x00000000d3300000, 0x00000000d3300000, 0x00000000d3400000|  0%| F|  |TS60545|AC  0|TAMS 0x00000000d3300000, 0x00000000d3300000|
| 232|0x00000000d3400000, 0x00000000d3400000, 0x00000000d3500000|  0%| F|  |TS60545|AC  0|TAMS 0x00000000d3400000, 0x00000000d3400000|
| 233|0x00000000d3500000, 0x00000000d3500000, 0x00000000d3600000|  0%| F|  |TS60545|AC  0|TAMS 0x00000000d3500000, 0x00000000d3500000|
| 234|0x00000000d3600000, 0x00000000d3600000, 0x00000000d3700000|  0%| F|  |TS60545|AC  0|TAMS 0x00000000d3600000, 0x00000000d3600000|
| 235|0x00000000d3700000, 0x00000000d3700000, 0x00000000d3800000|  0%| F|  |TS60545|AC  0|TAMS 0x00000000d3700000, 0x00000000d3700000|
| 236|0x00000000d3800000, 0x00000000d3800000, 0x00000000d3900000|  0%| F|  |TS60545|AC  0|TAMS 0x00000000d3800000, 0x00000000d3800000|
| 237|0x00000000d3900000, 0x00000000d3900000, 0x00000000d3a00000|  0%| F|  |TS60545|AC  0|TAMS 0x00000000d3900000, 0x00000000d3900000|
| 238|0x00000000d3a00000, 0x00000000d3a00000, 0x00000000d3b00000|  0%| F|  |TS60545|AC  0|TAMS 0x00000000d3a00000, 0x00000000d3a00000|
| 239|0x00000000d3b00000, 0x00000000d3b00000, 0x00000000d3c00000|  0%| F|  |TS60545|AC  0|TAMS 0x00000000d3b00000, 0x00000000d3b00000|
| 240|0x00000000d3c00000, 0x00000000d3c00000, 0x00000000d3d00000|  0%| F|  |TS60545|AC  0|TAMS 0x00000000d3c00000, 0x00000000d3c00000|
| 241|0x00000000d3d00000, 0x00000000d3d00000, 0x00000000d3e00000|  0%| F|  |TS60545|AC  0|TAMS 0x00000000d3d00000, 0x00000000d3d00000|
| 242|0x00000000d3e00000, 0x00000000d3e00000, 0x00000000d3f00000|  0%| F|  |TS60545|AC  0|TAMS 0x00000000d3e00000, 0x00000000d3e00000|
| 243|0x00000000d3f00000, 0x00000000d3f00000, 0x00000000d4000000|  0%| F|  |TS60545|AC  0|TAMS 0x00000000d3f00000, 0x00000000d3f00000|

Card table byte_map: [0x00007fa21e557000,0x00007fa21e731000] byte_map_base: 0x00007fa21df31000

Marking Bits (Prev, Next): (CMBitMap*) 0x00007fa2380628a0, (CMBitMap*) 0x00007fa2380628d8
 Prev Bits: [0x00007fa21d4ad000, 0x00007fa21e37d000)
 Next Bits: [0x00007fa21c5dd000, 0x00007fa21d4ad000)

Polling page: 0x00007fa23f4f0000

CodeHeap 'non-profiled nmethods': size=120032Kb used=131Kb max_used=131Kb free=119900Kb
 bounds [0x00007fa226db5000, 0x00007fa227025000, 0x00007fa22e2ed000]
CodeHeap 'profiled nmethods': size=120032Kb used=460Kb max_used=460Kb free=119571Kb
 bounds [0x00007fa21f87d000, 0x00007fa21faed000, 0x00007fa226db5000]
CodeHeap 'non-nmethods': size=5696Kb used=1032Kb max_used=1055Kb free=4663Kb
 bounds [0x00007fa21f2ed000, 0x00007fa21f55d000, 0x00007fa21f87d000]
 total_blobs=816 nmethods=360 adapters=255
 compilation: enabled

Compilation events (10 events):
Event: 0,501 Thread 0x00007fa23811d000  356 %     4       main.InitRandom::PrimeGraph @ 124 (225 bytes)
Event: 0,526 Thread 0x00007fa23811d000 nmethod 356% 0x00007fa226dd1e10 code [0x00007fa226dd2020, 0x00007fa226dd2978]
Event: 279,085 Thread 0x00007fa238121000  357 %     3       main.InitRandom::PrimeGraph @ 124 (225 bytes)
Event: 279,089 Thread 0x00007fa238121000 nmethod 357% 0x00007fa21f8ec390 code [0x00007fa21f8ec860, 0x00007fa21f8eecc8]
Event: 279,090 Thread 0x00007fa23811f000  358 %     4       main.InitRandom::PrimeGraph @ 124 (225 bytes)
Event: 279,122 Thread 0x00007fa23811f000 nmethod 358% 0x00007fa226dd3210 code [0x00007fa226dd3440, 0x00007fa226dd3f68]
Event: 279,123 Thread 0x00007fa23811d000  359 %     4       main.InitRandom::PrimeGraph @ 102 (225 bytes)
Event: 279,154 Thread 0x00007fa23811d000 nmethod 359% 0x00007fa226dd4790 code [0x00007fa226dd49a0, 0x00007fa226dd5408]
Event: 7260,527 Thread 0x00007fa238121000  361       3       java.lang.ref.ReferenceQueue::reallyPoll (65 bytes)
Event: 7260,547 Thread 0x00007fa238121000 nmethod 361 0x00007fa21f8ef890 code [0x00007fa21f8efa80, 0x00007fa21f8effd0]

GC Heap History (10 events):
Event: 11072,623 GC heap after
{Heap after GC invocations=60540 (full 0):
 garbage-first heap   total 249856K, used 1645K [0x00000000c4c00000, 0x0000000100000000)
  region size 1024K, 0 young (0K), 0 survivors (0K)
 Metaspace       used 7560K, capacity 7714K, committed 7936K, reserved 1056768K
  class space    used 653K, capacity 721K, committed 768K, reserved 1048576K
}
Event: 11072,889 GC heap before
{Heap before GC invocations=60540 (full 0):
 garbage-first heap   total 249856K, used 151149K [0x00000000c4c00000, 0x0000000100000000)
  region size 1024K, 146 young (149504K), 0 survivors (0K)
 Metaspace       used 7560K, capacity 7714K, committed 7936K, reserved 1056768K
  class space    used 653K, capacity 721K, committed 768K, reserved 1048576K
}
Event: 11072,905 GC heap after
{Heap after GC invocations=60541 (full 0):
 garbage-first heap   total 249856K, used 1645K [0x00000000c4c00000, 0x0000000100000000)
  region size 1024K, 0 young (0K), 0 survivors (0K)
 Metaspace       used 7560K, capacity 7714K, committed 7936K, reserved 1056768K
  class space    used 653K, capacity 721K, committed 768K, reserved 1048576K
}
Event: 11073,172 GC heap before
{Heap before GC invocations=60541 (full 0):
 garbage-first heap   total 249856K, used 151149K [0x00000000c4c00000, 0x0000000100000000)
  region size 1024K, 146 young (149504K), 0 survivors (0K)
 Metaspace       used 7560K, capacity 7714K, committed 7936K, reserved 1056768K
  class space    used 653K, capacity 721K, committed 768K, reserved 1048576K
}
Event: 11073,184 GC heap after
{Heap after GC invocations=60542 (full 0):
 garbage-first heap   total 249856K, used 1645K [0x00000000c4c00000, 0x0000000100000000)
  region size 1024K, 0 young (0K), 0 survivors (0K)
 Metaspace       used 7560K, capacity 7714K, committed 7936K, reserved 1056768K
  class space    used 653K, capacity 721K, committed 768K, reserved 1048576K
}
Event: 11073,482 GC heap before
{Heap before GC invocations=60542 (full 0):
 garbage-first heap   total 249856K, used 151149K [0x00000000c4c00000, 0x0000000100000000)
  region size 1024K, 146 young (149504K), 0 survivors (0K)
 Metaspace       used 7560K, capacity 7714K, committed 7936K, reserved 1056768K
  class space    used 653K, capacity 721K, committed 768K, reserved 1048576K
}
Event: 11073,515 GC heap after
{Heap after GC invocations=60543 (full 0):
 garbage-first heap   total 249856K, used 1645K [0x00000000c4c00000, 0x0000000100000000)
  region size 1024K, 0 young (0K), 0 survivors (0K)
 Metaspace       used 7560K, capacity 7714K, committed 7936K, reserved 1056768K
  class space    used 653K, capacity 721K, committed 768K, reserved 1048576K
}
Event: 11073,817 GC heap before
{Heap before GC invocations=60543 (full 0):
 garbage-first heap   total 249856K, used 151149K [0x00000000c4c00000, 0x0000000100000000)
  region size 1024K, 146 young (149504K), 0 survivors (0K)
 Metaspace       used 7560K, capacity 7714K, committed 7936K, reserved 1056768K
  class space    used 653K, capacity 721K, committed 768K, reserved 1048576K
}
Event: 11073,850 GC heap after
{Heap after GC invocations=60544 (full 0):
 garbage-first heap   total 249856K, used 1645K [0x00000000c4c00000, 0x0000000100000000)
  region size 1024K, 0 young (0K), 0 survivors (0K)
 Metaspace       used 7560K, capacity 7714K, committed 7936K, reserved 1056768K
  class space    used 653K, capacity 721K, committed 768K, reserved 1048576K
}
Event: 11074,198 GC heap before
{Heap before GC invocations=60544 (full 0):
 garbage-first heap   total 249856K, used 151149K [0x00000000c4c00000, 0x0000000100000000)
  region size 1024K, 146 young (149504K), 0 survivors (0K)
 Metaspace       used 7560K, capacity 7714K, committed 7936K, reserved 1056768K
  class space    used 653K, capacity 721K, committed 768K, reserved 1048576K
}

Deoptimization events (3 events):
Event: 0,163 Thread 0x00007fa238012000 Uncommon trap: reason=unstable_if action=reinterpret pc=0x00007fa226dba1e8 method=java.lang.String.hashCode()I @ 14 c2
Event: 157,228 Thread 0x00007fa238012000 Uncommon trap: reason=unstable_if action=reinterpret pc=0x00007fa226dd1470 method=java.util.Random.nextInt(I)I @ 58 c2
Event: 279,085 Thread 0x00007fa238012000 Uncommon trap: reason=unstable_if action=reinterpret pc=0x00007fa226dd2858 method=java.util.Random.nextInt(I)I @ 58 c2

Classes redefined (0 events):
No events

Internal exceptions (0 events):
No events

Events (10 events):
Event: 11072,623 Executing VM operation: G1IncCollectionPause done
Event: 11072,877 Executing VM operation: G1IncCollectionPause
Event: 11072,905 Executing VM operation: G1IncCollectionPause done
Event: 11073,163 Executing VM operation: G1IncCollectionPause
Event: 11073,184 Executing VM operation: G1IncCollectionPause done
Event: 11073,473 Executing VM operation: G1IncCollectionPause
Event: 11073,516 Executing VM operation: G1IncCollectionPause done
Event: 11073,806 Executing VM operation: G1IncCollectionPause
Event: 11073,850 Executing VM operation: G1IncCollectionPause done
Event: 11074,183 Executing VM operation: G1IncCollectionPause


Dynamic libraries:
c4c00000-d4000000 rw-p 00000000 00:00 0 
d5d00000-100000000 ---p 00000000 00:00 0 
100000000-1000c0000 rw-p 00000000 00:00 0 
1000c0000-140000000 ---p 00000000 00:00 0 
55d481571000-55d481572000 r-xp 00000000 08:05 3408962                    /usr/lib/jvm/java-11-openjdk-amd64/bin/java
55d481772000-55d481773000 r--p 00001000 08:05 3408962                    /usr/lib/jvm/java-11-openjdk-amd64/bin/java
55d481773000-55d481774000 rw-p 00002000 08:05 3408962                    /usr/lib/jvm/java-11-openjdk-amd64/bin/java
55d482a3a000-55d482a5b000 rw-p 00000000 00:00 0                          [heap]
7fa1bc000000-7fa1bc021000 rw-p 00000000 00:00 0 
7fa1bc021000-7fa1c0000000 ---p 00000000 00:00 0 
7fa1c0000000-7fa1c0021000 rw-p 00000000 00:00 0 
7fa1c0021000-7fa1c4000000 ---p 00000000 00:00 0 
7fa1c4000000-7fa1c4021000 rw-p 00000000 00:00 0 
7fa1c4021000-7fa1c8000000 ---p 00000000 00:00 0 
7fa1cb8d2000-7fa1cb8e8000 r-xp 00000000 08:05 3418544                    /usr/lib/jvm/java-11-openjdk-amd64/lib/libnet.so
7fa1cb8e8000-7fa1cbae8000 ---p 00016000 08:05 3418544                    /usr/lib/jvm/java-11-openjdk-amd64/lib/libnet.so
7fa1cbae8000-7fa1cbae9000 r--p 00016000 08:05 3418544                    /usr/lib/jvm/java-11-openjdk-amd64/lib/libnet.so
7fa1cbae9000-7fa1cbaea000 rw-p 00017000 08:05 3418544                    /usr/lib/jvm/java-11-openjdk-amd64/lib/libnet.so
7fa1cbaea000-7fa1cbafb000 r-xp 00000000 08:05 3418545                    /usr/lib/jvm/java-11-openjdk-amd64/lib/libnio.so
7fa1cbafb000-7fa1cbcfa000 ---p 00011000 08:05 3418545                    /usr/lib/jvm/java-11-openjdk-amd64/lib/libnio.so
7fa1cbcfa000-7fa1cbcfb000 r--p 00010000 08:05 3418545                    /usr/lib/jvm/java-11-openjdk-amd64/lib/libnio.so
7fa1cbcfb000-7fa1cbcfc000 rw-p 00011000 08:05 3418545                    /usr/lib/jvm/java-11-openjdk-amd64/lib/libnio.so
7fa1cbcfc000-7fa1cbd00000 ---p 00000000 00:00 0 
7fa1cbd00000-7fa1cbdfd000 rw-p 00000000 00:00 0 
7fa1cbdfd000-7fa1cbdfe000 ---p 00000000 00:00 0 
7fa1cbdfe000-7fa1cbeff000 rw-p 00000000 00:00 0 
7fa1cbeff000-7fa1cbf03000 ---p 00000000 00:00 0 
7fa1cbf03000-7fa1cc000000 rw-p 00000000 00:00 0 
7fa1cc000000-7fa1cc1de000 rw-p 00000000 00:00 0 
7fa1cc1de000-7fa1d0000000 ---p 00000000 00:00 0 
7fa1d0000000-7fa1d0021000 rw-p 00000000 00:00 0 
7fa1d0021000-7fa1d4000000 ---p 00000000 00:00 0 
7fa1d4000000-7fa1d412f000 rw-p 00000000 00:00 0 
7fa1d412f000-7fa1d8000000 ---p 00000000 00:00 0 
7fa1d8000000-7fa1d8195000 rw-p 00000000 00:00 0 
7fa1d8195000-7fa1dc000000 ---p 00000000 00:00 0 
7fa1dc000000-7fa1dc021000 rw-p 00000000 00:00 0 
7fa1dc021000-7fa1e0000000 ---p 00000000 00:00 0 
7fa1e0000000-7fa1e0021000 rw-p 00000000 00:00 0 
7fa1e0021000-7fa1e4000000 ---p 00000000 00:00 0 
7fa1e4000000-7fa1e40a0000 rw-p 00000000 00:00 0 
7fa1e40a0000-7fa1e8000000 ---p 00000000 00:00 0 
7fa1e8000000-7fa1e8021000 rw-p 00000000 00:00 0 
7fa1e8021000-7fa1ec000000 ---p 00000000 00:00 0 
7fa1ec000000-7fa1ec021000 rw-p 00000000 00:00 0 
7fa1ec021000-7fa1f0000000 ---p 00000000 00:00 0 
7fa1f0000000-7fa1f0021000 rw-p 00000000 00:00 0 
7fa1f0021000-7fa1f4000000 ---p 00000000 00:00 0 
7fa1f4000000-7fa1f4021000 rw-p 00000000 00:00 0 
7fa1f4021000-7fa1f8000000 ---p 00000000 00:00 0 
7fa1f8000000-7fa1f8021000 rw-p 00000000 00:00 0 
7fa1f8021000-7fa1fc000000 ---p 00000000 00:00 0 
7fa1fc000000-7fa1fc021000 rw-p 00000000 00:00 0 
7fa1fc021000-7fa200000000 ---p 00000000 00:00 0 
7fa200000000-7fa200021000 rw-p 00000000 00:00 0 
7fa200021000-7fa204000000 ---p 00000000 00:00 0 
7fa20401d000-7fa204021000 ---p 00000000 00:00 0 
7fa204021000-7fa20411e000 rw-p 00000000 00:00 0 
7fa20411e000-7fa204122000 ---p 00000000 00:00 0 
7fa204122000-7fa20421f000 rw-p 00000000 00:00 0 
7fa20421f000-7fa204223000 ---p 00000000 00:00 0 
7fa204223000-7fa204320000 rw-p 00000000 00:00 0 
7fa204320000-7fa204324000 ---p 00000000 00:00 0 
7fa204324000-7fa204421000 rw-p 00000000 00:00 0 
7fa204421000-7fa204425000 ---p 00000000 00:00 0 
7fa204425000-7fa204522000 rw-p 00000000 00:00 0 
7fa204522000-7fa204ef1000 r--p 00000000 08:05 3414769                    /usr/lib/locale/locale-archive
7fa204ef1000-7fa204ef5000 ---p 00000000 00:00 0 
7fa204ef5000-7fa204ff2000 rw-p 00000000 00:00 0 
7fa204ff2000-7fa204ff6000 ---p 00000000 00:00 0 
7fa204ff6000-7fa2050f3000 rw-p 00000000 00:00 0 
7fa2050f3000-7fa2050f4000 ---p 00000000 00:00 0 
7fa2050f4000-7fa2058f5000 rw-p 00000000 00:00 0 
7fa2058f5000-7fa2059f5000 ---p 00000000 00:00 0 
7fa2059f5000-7fa2059f6000 ---p 00000000 00:00 0 
7fa2059f6000-7fa205af7000 rw-p 00000000 00:00 0 
7fa205af7000-7fa205af8000 ---p 00000000 00:00 0 
7fa205af8000-7fa205bf9000 rw-p 00000000 00:00 0 
7fa205bf9000-7fa205bfa000 ---p 00000000 00:00 0 
7fa205bfa000-7fa205cfb000 rw-p 00000000 00:00 0 
7fa205cfb000-7fa205cfc000 ---p 00000000 00:00 0 
7fa205cfc000-7fa205dfd000 rw-p 00000000 00:00 0 
7fa205dfd000-7fa205dfe000 ---p 00000000 00:00 0 
7fa205dfe000-7fa208000000 rw-p 00000000 00:00 0 
7fa208000000-7fa208021000 rw-p 00000000 00:00 0 
7fa208021000-7fa20c000000 ---p 00000000 00:00 0 
7fa20c000000-7fa20c021000 rw-p 00000000 00:00 0 
7fa20c021000-7fa210000000 ---p 00000000 00:00 0 
7fa210000000-7fa210021000 rw-p 00000000 00:00 0 
7fa210021000-7fa214000000 ---p 00000000 00:00 0 
7fa214000000-7fa214021000 rw-p 00000000 00:00 0 
7fa214021000-7fa218000000 ---p 00000000 00:00 0 
7fa218000000-7fa218021000 rw-p 00000000 00:00 0 
7fa218021000-7fa21c000000 ---p 00000000 00:00 0 
7fa21c02f000-7fa21c3d9000 rw-p 00000000 00:00 0 
7fa21c3d9000-7fa21c3da000 ---p 00000000 00:00 0 
7fa21c3da000-7fa21c4db000 rw-p 00000000 00:00 0 
7fa21c4db000-7fa21c4dc000 ---p 00000000 00:00 0 
7fa21c4dc000-7fa21c9ad000 rw-p 00000000 00:00 0 
7fa21c9ad000-7fa21d4ad000 ---p 00000000 00:00 0 
7fa21d4ad000-7fa21d87d000 rw-p 00000000 00:00 0 
7fa21d87d000-7fa21e37d000 ---p 00000000 00:00 0 
7fa21e37d000-7fa21e3f7000 rw-p 00000000 00:00 0 
7fa21e3f7000-7fa21e557000 ---p 00000000 00:00 0 
7fa21e557000-7fa21e5d1000 rw-p 00000000 00:00 0 
7fa21e5d1000-7fa21e731000 ---p 00000000 00:00 0 
7fa21e731000-7fa21e7ab000 rw-p 00000000 00:00 0 
7fa21e7ab000-7fa21e90b000 ---p 00000000 00:00 0 
7fa21e90b000-7fa21ed0f000 rw-p 00000000 00:00 0 
7fa21ed0f000-7fa21ed10000 ---p 00000000 00:00 0 
7fa21ed10000-7fa21ee11000 rw-p 00000000 00:00 0 
7fa21ee11000-7fa21ee12000 ---p 00000000 00:00 0 
7fa21ee12000-7fa21ef13000 rw-p 00000000 00:00 0 
7fa21ef13000-7fa21ef14000 ---p 00000000 00:00 0 
7fa21ef14000-7fa21f015000 rw-p 00000000 00:00 0 
7fa21f015000-7fa21f016000 ---p 00000000 00:00 0 
7fa21f016000-7fa21f11c000 rw-p 00000000 00:00 0 
7fa21f11c000-7fa21f202000 ---p 00000000 00:00 0 
7fa21f202000-7fa21f207000 rw-p 00000000 00:00 0 
7fa21f207000-7fa21f2ed000 ---p 00000000 00:00 0 
7fa21f2ed000-7fa21f55d000 rwxp 00000000 00:00 0 
7fa21f55d000-7fa21f87d000 ---p 00000000 00:00 0 
7fa21f87d000-7fa21faed000 rwxp 00000000 00:00 0 
7fa21faed000-7fa226db5000 ---p 00000000 00:00 0 
7fa226db5000-7fa227025000 rwxp 00000000 00:00 0 
7fa227025000-7fa22e2ed000 ---p 00000000 00:00 0 
7fa22e2ed000-7fa2377c6000 r--s 00000000 08:05 3418554                    /usr/lib/jvm/java-11-openjdk-amd64/lib/modules
7fa2377c6000-7fa2377cb000 r-xp 00000000 08:05 3418536                    /usr/lib/jvm/java-11-openjdk-amd64/lib/libjimage.so
7fa2377cb000-7fa2379ca000 ---p 00005000 08:05 3418536                    /usr/lib/jvm/java-11-openjdk-amd64/lib/libjimage.so
7fa2379ca000-7fa2379cb000 r--p 00004000 08:05 3418536                    /usr/lib/jvm/java-11-openjdk-amd64/lib/libjimage.so
7fa2379cb000-7fa2379cc000 rw-p 00005000 08:05 3418536                    /usr/lib/jvm/java-11-openjdk-amd64/lib/libjimage.so
7fa2379cc000-7fa2379d3000 r-xp 00000000 08:05 3418553                    /usr/lib/jvm/java-11-openjdk-amd64/lib/libzip.so
7fa2379d3000-7fa237bd2000 ---p 00007000 08:05 3418553                    /usr/lib/jvm/java-11-openjdk-amd64/lib/libzip.so
7fa237bd2000-7fa237bd3000 r--p 00006000 08:05 3418553                    /usr/lib/jvm/java-11-openjdk-amd64/lib/libzip.so
7fa237bd3000-7fa237bd4000 rw-p 00007000 08:05 3418553                    /usr/lib/jvm/java-11-openjdk-amd64/lib/libzip.so
7fa237bd4000-7fa237bdf000 r-xp 00000000 08:05 1185217                    /lib/x86_64-linux-gnu/libnss_files-2.27.so
7fa237bdf000-7fa237dde000 ---p 0000b000 08:05 1185217                    /lib/x86_64-linux-gnu/libnss_files-2.27.so
7fa237dde000-7fa237ddf000 r--p 0000a000 08:05 1185217                    /lib/x86_64-linux-gnu/libnss_files-2.27.so
7fa237ddf000-7fa237de0000 rw-p 0000b000 08:05 1185217                    /lib/x86_64-linux-gnu/libnss_files-2.27.so
7fa237de0000-7fa237de6000 rw-p 00000000 00:00 0 
7fa237de6000-7fa237dfd000 r-xp 00000000 08:05 1185211                    /lib/x86_64-linux-gnu/libnsl-2.27.so
7fa237dfd000-7fa237ffc000 ---p 00017000 08:05 1185211                    /lib/x86_64-linux-gnu/libnsl-2.27.so
7fa237ffc000-7fa237ffd000 r--p 00016000 08:05 1185211                    /lib/x86_64-linux-gnu/libnsl-2.27.so
7fa237ffd000-7fa237ffe000 rw-p 00017000 08:05 1185211                    /lib/x86_64-linux-gnu/libnsl-2.27.so
7fa237ffe000-7fa238000000 rw-p 00000000 00:00 0 
7fa238000000-7fa2382b1000 rw-p 00000000 00:00 0 
7fa2382b1000-7fa23c000000 ---p 00000000 00:00 0 
7fa23c00b000-7fa23c016000 r-xp 00000000 08:05 1185228                    /lib/x86_64-linux-gnu/libnss_nis-2.27.so
7fa23c016000-7fa23c215000 ---p 0000b000 08:05 1185228                    /lib/x86_64-linux-gnu/libnss_nis-2.27.so
7fa23c215000-7fa23c216000 r--p 0000a000 08:05 1185228                    /lib/x86_64-linux-gnu/libnss_nis-2.27.so
7fa23c216000-7fa23c217000 rw-p 0000b000 08:05 1185228                    /lib/x86_64-linux-gnu/libnss_nis-2.27.so
7fa23c217000-7fa23c21f000 r-xp 00000000 08:05 1185213                    /lib/x86_64-linux-gnu/libnss_compat-2.27.so
7fa23c21f000-7fa23c41f000 ---p 00008000 08:05 1185213                    /lib/x86_64-linux-gnu/libnss_compat-2.27.so
7fa23c41f000-7fa23c420000 r--p 00008000 08:05 1185213                    /lib/x86_64-linux-gnu/libnss_compat-2.27.so
7fa23c420000-7fa23c421000 rw-p 00009000 08:05 1185213                    /lib/x86_64-linux-gnu/libnss_compat-2.27.so
7fa23c421000-7fa23c44d000 r-xp 00000000 08:05 3418532                    /usr/lib/jvm/java-11-openjdk-amd64/lib/libjava.so
7fa23c44d000-7fa23c64c000 ---p 0002c000 08:05 3418532                    /usr/lib/jvm/java-11-openjdk-amd64/lib/libjava.so
7fa23c64c000-7fa23c64d000 r--p 0002b000 08:05 3418532                    /usr/lib/jvm/java-11-openjdk-amd64/lib/libjava.so
7fa23c64d000-7fa23c64f000 rw-p 0002c000 08:05 3418532                    /usr/lib/jvm/java-11-openjdk-amd64/lib/libjava.so
7fa23c64f000-7fa23c65c000 r-xp 00000000 08:05 3418552                    /usr/lib/jvm/java-11-openjdk-amd64/lib/libverify.so
7fa23c65c000-7fa23c85b000 ---p 0000d000 08:05 3418552                    /usr/lib/jvm/java-11-openjdk-amd64/lib/libverify.so
7fa23c85b000-7fa23c85d000 r--p 0000c000 08:05 3418552                    /usr/lib/jvm/java-11-openjdk-amd64/lib/libverify.so
7fa23c85d000-7fa23c85e000 rw-p 0000e000 08:05 3418552                    /usr/lib/jvm/java-11-openjdk-amd64/lib/libverify.so
7fa23c85e000-7fa23c865000 r-xp 00000000 08:05 1185268                    /lib/x86_64-linux-gnu/librt-2.27.so
7fa23c865000-7fa23ca64000 ---p 00007000 08:05 1185268                    /lib/x86_64-linux-gnu/librt-2.27.so
7fa23ca64000-7fa23ca65000 r--p 00006000 08:05 1185268                    /lib/x86_64-linux-gnu/librt-2.27.so
7fa23ca65000-7fa23ca66000 rw-p 00007000 08:05 1185268                    /lib/x86_64-linux-gnu/librt-2.27.so
7fa23ca66000-7fa23ca7d000 r-xp 00000000 08:05 1185164                    /lib/x86_64-linux-gnu/libgcc_s.so.1
7fa23ca7d000-7fa23cc7c000 ---p 00017000 08:05 1185164                    /lib/x86_64-linux-gnu/libgcc_s.so.1
7fa23cc7c000-7fa23cc7d000 r--p 00016000 08:05 1185164                    /lib/x86_64-linux-gnu/libgcc_s.so.1
7fa23cc7d000-7fa23cc7e000 rw-p 00017000 08:05 1185164                    /lib/x86_64-linux-gnu/libgcc_s.so.1
7fa23cc7e000-7fa23ce1b000 r-xp 00000000 08:05 1185190                    /lib/x86_64-linux-gnu/libm-2.27.so
7fa23ce1b000-7fa23d01a000 ---p 0019d000 08:05 1185190                    /lib/x86_64-linux-gnu/libm-2.27.so
7fa23d01a000-7fa23d01b000 r--p 0019c000 08:05 1185190                    /lib/x86_64-linux-gnu/libm-2.27.so
7fa23d01b000-7fa23d01c000 rw-p 0019d000 08:05 1185190                    /lib/x86_64-linux-gnu/libm-2.27.so
7fa23d01c000-7fa23d19a000 r-xp 00000000 08:05 3418091                    /usr/lib/x86_64-linux-gnu/libstdc++.so.6.0.25
7fa23d19a000-7fa23d39a000 ---p 0017e000 08:05 3418091                    /usr/lib/x86_64-linux-gnu/libstdc++.so.6.0.25
7fa23d39a000-7fa23d3a4000 r--p 0017e000 08:05 3418091                    /usr/lib/x86_64-linux-gnu/libstdc++.so.6.0.25
7fa23d3a4000-7fa23d3a6000 rw-p 00188000 08:05 3418091                    /usr/lib/x86_64-linux-gnu/libstdc++.so.6.0.25
7fa23d3a6000-7fa23d3aa000 rw-p 00000000 00:00 0 
7fa23d3aa000-7fa23e347000 r-xp 00000000 08:05 3418559                    /usr/lib/jvm/java-11-openjdk-amd64/lib/server/libjvm.so
7fa23e347000-7fa23e547000 ---p 00f9d000 08:05 3418559                    /usr/lib/jvm/java-11-openjdk-amd64/lib/server/libjvm.so
7fa23e547000-7fa23e60b000 r--p 00f9d000 08:05 3418559                    /usr/lib/jvm/java-11-openjdk-amd64/lib/server/libjvm.so
7fa23e60b000-7fa23e643000 rw-p 01061000 08:05 3418559                    /usr/lib/jvm/java-11-openjdk-amd64/lib/server/libjvm.so
7fa23e643000-7fa23e68c000 rw-p 00000000 00:00 0 
7fa23e68c000-7fa23e6a6000 r-xp 00000000 08:05 1185260                    /lib/x86_64-linux-gnu/libpthread-2.27.so
7fa23e6a6000-7fa23e8a5000 ---p 0001a000 08:05 1185260                    /lib/x86_64-linux-gnu/libpthread-2.27.so
7fa23e8a5000-7fa23e8a6000 r--p 00019000 08:05 1185260                    /lib/x86_64-linux-gnu/libpthread-2.27.so
7fa23e8a6000-7fa23e8a7000 rw-p 0001a000 08:05 1185260                    /lib/x86_64-linux-gnu/libpthread-2.27.so
7fa23e8a7000-7fa23e8ab000 rw-p 00000000 00:00 0 
7fa23e8ab000-7fa23e8ae000 r-xp 00000000 08:05 1185150                    /lib/x86_64-linux-gnu/libdl-2.27.so
7fa23e8ae000-7fa23eaad000 ---p 00003000 08:05 1185150                    /lib/x86_64-linux-gnu/libdl-2.27.so
7fa23eaad000-7fa23eaae000 r--p 00002000 08:05 1185150                    /lib/x86_64-linux-gnu/libdl-2.27.so
7fa23eaae000-7fa23eaaf000 rw-p 00003000 08:05 1185150                    /lib/x86_64-linux-gnu/libdl-2.27.so
7fa23eaaf000-7fa23eacb000 r-xp 00000000 08:05 1185299                    /lib/x86_64-linux-gnu/libz.so.1.2.11
7fa23eacb000-7fa23ecca000 ---p 0001c000 08:05 1185299                    /lib/x86_64-linux-gnu/libz.so.1.2.11
7fa23ecca000-7fa23eccb000 r--p 0001b000 08:05 1185299                    /lib/x86_64-linux-gnu/libz.so.1.2.11
7fa23eccb000-7fa23eccc000 rw-p 0001c000 08:05 1185299                    /lib/x86_64-linux-gnu/libz.so.1.2.11
7fa23eccc000-7fa23eeb3000 r-xp 00000000 08:05 1185127                    /lib/x86_64-linux-gnu/libc-2.27.so
7fa23eeb3000-7fa23f0b3000 ---p 001e7000 08:05 1185127                    /lib/x86_64-linux-gnu/libc-2.27.so
7fa23f0b3000-7fa23f0b7000 r--p 001e7000 08:05 1185127                    /lib/x86_64-linux-gnu/libc-2.27.so
7fa23f0b7000-7fa23f0b9000 rw-p 001eb000 08:05 1185127                    /lib/x86_64-linux-gnu/libc-2.27.so
7fa23f0b9000-7fa23f0bd000 rw-p 00000000 00:00 0 
7fa23f0bd000-7fa23f0cc000 r-xp 00000000 08:05 3418517                    /usr/lib/jvm/java-11-openjdk-amd64/lib/jli/libjli.so
7fa23f0cc000-7fa23f2cb000 ---p 0000f000 08:05 3418517                    /usr/lib/jvm/java-11-openjdk-amd64/lib/jli/libjli.so
7fa23f2cb000-7fa23f2cc000 r--p 0000e000 08:05 3418517                    /usr/lib/jvm/java-11-openjdk-amd64/lib/jli/libjli.so
7fa23f2cc000-7fa23f2cd000 rw-p 0000f000 08:05 3418517                    /usr/lib/jvm/java-11-openjdk-amd64/lib/jli/libjli.so
7fa23f2cd000-7fa23f2f4000 r-xp 00000000 08:05 1185099                    /lib/x86_64-linux-gnu/ld-2.27.so
7fa23f319000-7fa23f3d9000 rw-p 00000000 00:00 0 
7fa23f3d9000-7fa23f3dd000 ---p 00000000 00:00 0 
7fa23f3dd000-7fa23f4e1000 rw-p 00000000 00:00 0 
7fa23f4e1000-7fa23f4e8000 ---p 00000000 00:00 0 
7fa23f4e8000-7fa23f4f0000 rw-s 00000000 08:05 3276855                    /tmp/hsperfdata_mo/16486
7fa23f4f0000-7fa23f4f1000 ---p 00000000 00:00 0 
7fa23f4f1000-7fa23f4f2000 r--p 00000000 00:00 0 
7fa23f4f2000-7fa23f4f4000 rw-p 00000000 00:00 0 
7fa23f4f4000-7fa23f4f5000 r--p 00027000 08:05 1185099                    /lib/x86_64-linux-gnu/ld-2.27.so
7fa23f4f5000-7fa23f4f6000 rw-p 00028000 08:05 1185099                    /lib/x86_64-linux-gnu/ld-2.27.so
7fa23f4f6000-7fa23f4f7000 rw-p 00000000 00:00 0 
7ffec55a9000-7ffec55ca000 rw-p 00000000 00:00 0                          [stack]
7ffec55f6000-7ffec55f9000 r--p 00000000 00:00 0                          [vvar]
7ffec55f9000-7ffec55fb000 r-xp 00000000 00:00 0                          [vdso]
ffffffffff600000-ffffffffff601000 r-xp 00000000 00:00 0                  [vsyscall]


VM Arguments:
jvm_args: -Dfile.encoding=UTF-8 
java_command: main.Main
java_class_path (initial): /home/mo/eclipse-workspace/-TPE-Simulation-BlockChain/bin:/home/mo/eclipse-workspace/-TPE-Simulation-BlockChain/lib/gs-algo-1.3/gs-algo-1.3.jar:/home/mo/eclipse-workspace/-TPE-Simulation-BlockChain/lib/gs-core-1.3/gs-core-1.3.jar:/home/mo/eclipse-workspace/-TPE-Simulation-BlockChain/lib/gs-ui-1.3/gs-ui-1.3.jar
Launcher Type: SUN_STANDARD

Logging:
Log output configuration:
#0: stdout all=warning uptime,level,tags
#1: stderr all=off uptime,level,tags

Environment Variables:
PATH=/usr/local/sbin:/usr/local/bin:/usr/sbin:/usr/bin:/sbin:/bin:/usr/games:/usr/local/games:/snap/bin
USERNAME=mo
SHELL=/bin/bash
DISPLAY=:0

Signal Handlers:
SIGSEGV: [libjvm.so+0xd28a90], sa_mask[0]=11111111011111111101111111111110, sa_flags=SA_RESTART|SA_SIGINFO
SIGBUS: [libjvm.so+0xd28a90], sa_mask[0]=11111111011111111101111111111110, sa_flags=SA_RESTART|SA_SIGINFO
SIGFPE: [libjvm.so+0xd28a90], sa_mask[0]=11111111011111111101111111111110, sa_flags=SA_RESTART|SA_SIGINFO
SIGPIPE: [libjvm.so+0xb2a110], sa_mask[0]=11111111011111111101111111111110, sa_flags=SA_RESTART|SA_SIGINFO
SIGXFSZ: [libjvm.so+0xb2a110], sa_mask[0]=11111111011111111101111111111110, sa_flags=SA_RESTART|SA_SIGINFO
SIGILL: [libjvm.so+0xd28a90], sa_mask[0]=11111111011111111101111111111110, sa_flags=SA_RESTART|SA_SIGINFO
SIGUSR2: [libjvm.so+0xb29f50], sa_mask[0]=00100000000000000000000000000000, sa_flags=SA_RESTART|SA_SIGINFO
SIGHUP: [libjvm.so+0xb2a0a0], sa_mask[0]=11111111011111111101111111111110, sa_flags=SA_RESTART|SA_SIGINFO
SIGINT: [libjvm.so+0xb2a0a0], sa_mask[0]=11111111011111111101111111111110, sa_flags=SA_RESTART|SA_SIGINFO
SIGTERM: [libjvm.so+0xb2a0a0], sa_mask[0]=11111111011111111101111111111110, sa_flags=SA_RESTART|SA_SIGINFO
SIGQUIT: [libjvm.so+0xb2a0a0], sa_mask[0]=11111111011111111101111111111110, sa_flags=SA_RESTART|SA_SIGINFO


---------------  S Y S T E M  ---------------

OS:DISTRIB_ID=Ubuntu
DISTRIB_RELEASE=18.04
DISTRIB_CODENAME=bionic
DISTRIB_DESCRIPTION="Ubuntu 18.04 LTS"
uname:Linux 4.15.0-20-generic #21-Ubuntu SMP Tue Apr 24 06:16:15 UTC 2018 x86_64
libc:glibc 2.27 NPTL 2.27 
rlimit: STACK 8192k, CORE 0k, NPROC 14806, NOFILE 1048576, AS infinity, DATA infinity, FSIZE infinity
load average:3,10 2,49 2,39

/proc/meminfo:
MemTotal:        3875560 kB
MemFree:           90656 kB
MemAvailable:          0 kB
Buffers:             304 kB
Cached:           208172 kB
SwapCached:          388 kB
Active:          2956144 kB
Inactive:         598780 kB
Active(anon):    2945616 kB
Inactive(anon):   589224 kB
Active(file):      10528 kB
Inactive(file):     9556 kB
Unevictable:          48 kB
Mlocked:              48 kB
SwapTotal:       2097148 kB
SwapFree:              0 kB
Dirty:               104 kB
Writeback:             0 kB
AnonPages:       3346248 kB
Mapped:           104804 kB
Shmem:            188140 kB
Slab:              94496 kB
SReclaimable:      35476 kB
SUnreclaim:        59020 kB
KernelStack:       17136 kB
PageTables:        67016 kB
NFS_Unstable:          0 kB
Bounce:                0 kB
WritebackTmp:          0 kB
CommitLimit:     4034928 kB
Committed_AS:   11695652 kB
VmallocTotal:   34359738367 kB
VmallocUsed:           0 kB
VmallocChunk:          0 kB
HardwareCorrupted:     0 kB
AnonHugePages:         0 kB
ShmemHugePages:        0 kB
ShmemPmdMapped:        0 kB
CmaTotal:              0 kB
CmaFree:               0 kB
HugePages_Total:       0
HugePages_Free:        0
HugePages_Rsvd:        0
HugePages_Surp:        0
Hugepagesize:       2048 kB
DirectMap4k:      299728 kB
DirectMap2M:     3731456 kB
DirectMap1G:     2097152 kB

container (cgroup) information:
container_type: cgroupv1
cpu_cpuset_cpus: 0-3
cpu_memory_nodes: 0
active_processor_count: 4
cpu_quota: -1
cpu_period: 100000
cpu_shares: -1
memory_limit_in_bytes: -1
memory_and_swap_limit_in_bytes: -2
memory_soft_limit_in_bytes: -1
memory_usage_in_bytes: 3641397248
memory_max_usage_in_bytes: 2011136


CPU:total 4 (initial active 4) (4 cores per cpu, 1 threads per core) family 6 model 92 stepping 9, cmov, cx8, fxsr, mmx, sse, sse2, sse3, ssse3, sse4.1, sse4.2, popcnt, aes, clmul, erms, 3dnowpref, tsc, tscinvbit, sha
CPU Model and flags from /proc/cpuinfo:
model name	: Intel(R) Pentium(R) CPU N4200 @ 1.10GHz
flags		: fpu vme de pse tsc msr pae mce cx8 apic sep mtrr pge mca cmov pat pse36 clflush dts acpi mmx fxsr sse sse2 ss ht tm pbe syscall nx pdpe1gb rdtscp lm constant_tsc art arch_perfmon pebs bts rep_good nopl xtopology tsc_reliable nonstop_tsc cpuid aperfmperf tsc_known_freq pni pclmulqdq dtes64 monitor ds_cpl vmx est tm2 ssse3 sdbg cx16 xtpr pdcm sse4_1 sse4_2 x2apic movbe popcnt tsc_deadline_timer aes xsave rdrand lahf_lm 3dnowprefetch cpuid_fault cat_l2 pti tpr_shadow vnmi flexpriority ept vpid fsgsbase tsc_adjust smep erms mpx rdt_a rdseed smap clflushopt intel_pt sha_ni xsaveopt xsavec xgetbv1 xsaves dtherm ida arat pln pts

Memory: 4k page, physical 3875560k(91636k free), swap 2097148k(0k free)

vm_info: OpenJDK 64-Bit Server VM (10.0.1+10-Ubuntu-3ubuntu1) for linux-amd64 JRE (10.0.1+10-Ubuntu-3ubuntu1), built on Apr 21 2018 13:41:27 by "buildd" with gcc 7.3.0

END.
